<?xml version="1.0" encoding="UTF-8"?>
<testsuites>
  <testsuite name="TestResults" errors="0" tests="11" failures="0" skipped="0" time="0.0042675">
    <testcase classname="AdventOfCodeTests.Day00Tests" name="testPart1()" time="0.000540542" />
    <testcase classname="AdventOfCodeTests.Day00Tests" name="testPart2()" time="0.000398041" />
    <testcase classname="AdventOfCodeTests.Day01Tests" name="testPart2()" time="0.001233625" />
    <testcase classname="AdventOfCodeTests.Day01Tests" name="testPart1()" time="0.001150584" />
    <testcase classname="AdventOfCodeTests.AdventDayTests" name="testInitData()" time="0.003959083" />
    <testcase classname="AdventOfCodeTests.Day02Tests" name="testSCoring()" time="0.000394084" />
    <testcase classname="AdventOfCodeTests.Day02Tests" name="testPart1()" time="0.000859584" />
    <testcase classname="AdventOfCodeTests.Day02Tests" name="testSingleRound()" time="0.00078625" />
    <testcase classname="AdventOfCodeTests.Day02Tests" name="testPrediction()" time="0.000578584" />
    <testcase classname="AdventOfCodeTests.Day02Tests" name="testPart2()" time="0.000823625" />
    <testcase classname="AdventOfCodeTests.Day02Tests" name="testComparions()" time="0.00076725" />
  </testsuite>
</testsuites>
